<?xml version="1.0" encoding="UTF-8"?>
<testng-results ignored="0" total="1" passed="1" failed="0" skipped="0">
  <reporter-output>
  </reporter-output>
  <suite started-at="2023-07-31T11:19:53 IST" name="Default suite" finished-at="2023-07-31T11:21:13 IST" duration-ms="80831">
    <groups>
    </groups>
    <test started-at="2023-07-31T11:19:53 IST" name="Default test" finished-at="2023-07-31T11:21:13 IST" duration-ms="80831">
      <class name="testProject.Wappalyzer">
        <test-method is-config="true" signature="setUp()[pri:0, instance:testProject.Wappalyzer@7db12bb6]" started-at="2023-07-31T11:19:53 IST" name="setUp" finished-at="2023-07-31T11:20:58 IST" duration-ms="65144" status="PASS">
          <reporter-output>
          </reporter-output>
        </test-method> <!-- setUp -->
        <test-method signature="testing()[pri:0, instance:testProject.Wappalyzer@7db12bb6]" started-at="2023-07-31T11:20:58 IST" name="testing" finished-at="2023-07-31T11:21:13 IST" duration-ms="15186" status="PASS">
          <reporter-output>
          </reporter-output>
        </test-method> <!-- testing -->
      </class> <!-- testProject.Wappalyzer -->
    </test> <!-- Default test -->
  </suite> <!-- Default suite -->
</testng-results>
